2024-09-10T10:52:04.008+09:00  INFO 15256 --- [BisToTagoInterface] [main] c.g.b.l.BisToTagoInterfaceApplication    : Starting BisToTagoInterfaceApplication using Java 17.0.12 with PID 15256 (C:\prj\BisToTagoInterface\build\classes\java\main started by itp-001 in C:\prj\BisToTagoInterface)
2024-09-10T10:52:04.017+09:00  INFO 15256 --- [BisToTagoInterface] [main] c.g.b.l.BisToTagoInterfaceApplication    : The following 1 profile is active: "local"
2024-09-10T10:52:05.012+09:00 DEBUG 15256 --- [BisToTagoInterface] [main] com.zaxxer.hikari.HikariConfig           : Driver class org.postgresql.Driver found in Thread context class loader jdk.internal.loader.ClassLoaders$AppClassLoader@5e481248
2024-09-10T10:52:05.546+09:00  INFO 15256 --- [BisToTagoInterface] [main] c.g.b.l.BisToTagoInterfaceApplication    : Started BisToTagoInterfaceApplication in 2.279 seconds (process running for 2.987)
2024-09-10T10:52:05.550+09:00  INFO 15256 --- [BisToTagoInterface] [main] c.g.b.l.config.ApplicationStartupTask    : PT2.285S
2024-09-10T10:52:26.715+09:00  INFO 15256 --- [BisToTagoInterface] [nioEventLoopGroup-3-1] com.geon.bis.link.TagoService            : [Subscription] Response
2024-09-10T10:52:26.716+09:00  INFO 15256 --- [BisToTagoInterface] [nioEventLoopGroup-3-1] com.geon.bis.link.TagoService            : 모드 : value SubscriptionMode ::= single : NULL

2024-09-10T10:52:26.716+09:00  INFO 15256 --- [BisToTagoInterface] [nioEventLoopGroup-3-1] com.geon.bis.link.TagoService            : [서브스크립션 모드] 싱글
2024-09-10T10:52:26.716+09:00  INFO 15256 --- [BisToTagoInterface] [nioEventLoopGroup-3-1] com.geon.bis.link.TagoService            : [버스도착예정] 싱글 구독
2024-09-10T10:52:26.734+09:00  WARN 15256 --- [BisToTagoInterface] [nioEventLoopGroup-3-1] com.zaxxer.hikari.HikariConfig           : HikariPool-1 - idleTimeout has been set but has no effect because the pool is operating as a fixed size pool.
2024-09-10T10:52:26.735+09:00 DEBUG 15256 --- [BisToTagoInterface] [nioEventLoopGroup-3-1] com.zaxxer.hikari.HikariConfig           : HikariPool-1 - configuration:
2024-09-10T10:52:26.737+09:00 DEBUG 15256 --- [BisToTagoInterface] [nioEventLoopGroup-3-1] com.zaxxer.hikari.HikariConfig           : allowPoolSuspension.............false
2024-09-10T10:52:26.738+09:00 DEBUG 15256 --- [BisToTagoInterface] [nioEventLoopGroup-3-1] com.zaxxer.hikari.HikariConfig           : autoCommit......................true
2024-09-10T10:52:26.738+09:00 DEBUG 15256 --- [BisToTagoInterface] [nioEventLoopGroup-3-1] com.zaxxer.hikari.HikariConfig           : catalog.........................none
2024-09-10T10:52:26.738+09:00 DEBUG 15256 --- [BisToTagoInterface] [nioEventLoopGroup-3-1] com.zaxxer.hikari.HikariConfig           : connectionInitSql...............none
2024-09-10T10:52:26.738+09:00 DEBUG 15256 --- [BisToTagoInterface] [nioEventLoopGroup-3-1] com.zaxxer.hikari.HikariConfig           : connectionTestQuery.............none
2024-09-10T10:52:26.738+09:00 DEBUG 15256 --- [BisToTagoInterface] [nioEventLoopGroup-3-1] com.zaxxer.hikari.HikariConfig           : connectionTimeout...............10000
2024-09-10T10:52:26.738+09:00 DEBUG 15256 --- [BisToTagoInterface] [nioEventLoopGroup-3-1] com.zaxxer.hikari.HikariConfig           : dataSource......................none
2024-09-10T10:52:26.738+09:00 DEBUG 15256 --- [BisToTagoInterface] [nioEventLoopGroup-3-1] com.zaxxer.hikari.HikariConfig           : dataSourceClassName.............none
2024-09-10T10:52:26.738+09:00 DEBUG 15256 --- [BisToTagoInterface] [nioEventLoopGroup-3-1] com.zaxxer.hikari.HikariConfig           : dataSourceJNDI..................none
2024-09-10T10:52:26.739+09:00 DEBUG 15256 --- [BisToTagoInterface] [nioEventLoopGroup-3-1] com.zaxxer.hikari.HikariConfig           : dataSourceProperties............{password=<masked>}
2024-09-10T10:52:26.739+09:00 DEBUG 15256 --- [BisToTagoInterface] [nioEventLoopGroup-3-1] com.zaxxer.hikari.HikariConfig           : driverClassName................."org.postgresql.Driver"
2024-09-10T10:52:26.739+09:00 DEBUG 15256 --- [BisToTagoInterface] [nioEventLoopGroup-3-1] com.zaxxer.hikari.HikariConfig           : exceptionOverrideClassName......none
2024-09-10T10:52:26.739+09:00 DEBUG 15256 --- [BisToTagoInterface] [nioEventLoopGroup-3-1] com.zaxxer.hikari.HikariConfig           : healthCheckProperties...........{}
2024-09-10T10:52:26.740+09:00 DEBUG 15256 --- [BisToTagoInterface] [nioEventLoopGroup-3-1] com.zaxxer.hikari.HikariConfig           : healthCheckRegistry.............none
2024-09-10T10:52:26.740+09:00 DEBUG 15256 --- [BisToTagoInterface] [nioEventLoopGroup-3-1] com.zaxxer.hikari.HikariConfig           : idleTimeout.....................10000
2024-09-10T10:52:26.740+09:00 DEBUG 15256 --- [BisToTagoInterface] [nioEventLoopGroup-3-1] com.zaxxer.hikari.HikariConfig           : initializationFailTimeout.......1
2024-09-10T10:52:26.740+09:00 DEBUG 15256 --- [BisToTagoInterface] [nioEventLoopGroup-3-1] com.zaxxer.hikari.HikariConfig           : isolateInternalQueries..........false
2024-09-10T10:52:26.740+09:00 DEBUG 15256 --- [BisToTagoInterface] [nioEventLoopGroup-3-1] com.zaxxer.hikari.HikariConfig           : jdbcUrl.........................jdbc:postgresql://geonworks.iptime.org:33333/cnbus
2024-09-10T10:52:26.740+09:00 DEBUG 15256 --- [BisToTagoInterface] [nioEventLoopGroup-3-1] com.zaxxer.hikari.HikariConfig           : keepaliveTime...................0
2024-09-10T10:52:26.740+09:00 DEBUG 15256 --- [BisToTagoInterface] [nioEventLoopGroup-3-1] com.zaxxer.hikari.HikariConfig           : leakDetectionThreshold..........0
2024-09-10T10:52:26.740+09:00 DEBUG 15256 --- [BisToTagoInterface] [nioEventLoopGroup-3-1] com.zaxxer.hikari.HikariConfig           : maxLifetime.....................1800000
2024-09-10T10:52:26.741+09:00 DEBUG 15256 --- [BisToTagoInterface] [nioEventLoopGroup-3-1] com.zaxxer.hikari.HikariConfig           : maximumPoolSize.................10
2024-09-10T10:52:26.741+09:00 DEBUG 15256 --- [BisToTagoInterface] [nioEventLoopGroup-3-1] com.zaxxer.hikari.HikariConfig           : metricRegistry..................none
2024-09-10T10:52:26.741+09:00 DEBUG 15256 --- [BisToTagoInterface] [nioEventLoopGroup-3-1] com.zaxxer.hikari.HikariConfig           : metricsTrackerFactory...........none
2024-09-10T10:52:26.741+09:00 DEBUG 15256 --- [BisToTagoInterface] [nioEventLoopGroup-3-1] com.zaxxer.hikari.HikariConfig           : minimumIdle.....................10
2024-09-10T10:52:26.741+09:00 DEBUG 15256 --- [BisToTagoInterface] [nioEventLoopGroup-3-1] com.zaxxer.hikari.HikariConfig           : password........................<masked>
2024-09-10T10:52:26.741+09:00 DEBUG 15256 --- [BisToTagoInterface] [nioEventLoopGroup-3-1] com.zaxxer.hikari.HikariConfig           : poolName........................"HikariPool-1"
2024-09-10T10:52:26.741+09:00 DEBUG 15256 --- [BisToTagoInterface] [nioEventLoopGroup-3-1] com.zaxxer.hikari.HikariConfig           : readOnly........................false
2024-09-10T10:52:26.741+09:00 DEBUG 15256 --- [BisToTagoInterface] [nioEventLoopGroup-3-1] com.zaxxer.hikari.HikariConfig           : registerMbeans..................false
2024-09-10T10:52:26.741+09:00 DEBUG 15256 --- [BisToTagoInterface] [nioEventLoopGroup-3-1] com.zaxxer.hikari.HikariConfig           : scheduledExecutor...............none
2024-09-10T10:52:26.741+09:00 DEBUG 15256 --- [BisToTagoInterface] [nioEventLoopGroup-3-1] com.zaxxer.hikari.HikariConfig           : schema..........................none
2024-09-10T10:52:26.742+09:00 DEBUG 15256 --- [BisToTagoInterface] [nioEventLoopGroup-3-1] com.zaxxer.hikari.HikariConfig           : threadFactory...................internal
2024-09-10T10:52:26.742+09:00 DEBUG 15256 --- [BisToTagoInterface] [nioEventLoopGroup-3-1] com.zaxxer.hikari.HikariConfig           : transactionIsolation............default
2024-09-10T10:52:26.742+09:00 DEBUG 15256 --- [BisToTagoInterface] [nioEventLoopGroup-3-1] com.zaxxer.hikari.HikariConfig           : username........................"postgres"
2024-09-10T10:52:26.742+09:00 DEBUG 15256 --- [BisToTagoInterface] [nioEventLoopGroup-3-1] com.zaxxer.hikari.HikariConfig           : validationTimeout...............5000
2024-09-10T10:52:26.742+09:00  INFO 15256 --- [BisToTagoInterface] [nioEventLoopGroup-3-1] com.zaxxer.hikari.HikariDataSource       : HikariPool-1 - Starting...
2024-09-10T10:52:26.875+09:00  INFO 15256 --- [BisToTagoInterface] [nioEventLoopGroup-3-1] com.zaxxer.hikari.pool.HikariPool        : HikariPool-1 - Added connection org.postgresql.jdbc.PgConnection@710e4b8
2024-09-10T10:52:26.877+09:00  INFO 15256 --- [BisToTagoInterface] [nioEventLoopGroup-3-1] com.zaxxer.hikari.HikariDataSource       : HikariPool-1 - Start completed.
2024-09-10T10:52:40.189+09:00 ERROR 15256 --- [BisToTagoInterface] [nioEventLoopGroup-3-1] c.g.b.link.netty.handler.InboundHandler  : exceptionCaught: SocketException: Connection reset
2024-09-10T10:52:47.059+09:00  INFO 15256 --- [BisToTagoInterface] [nioEventLoopGroup-3-2] com.geon.bis.link.TagoService            : [Subscription] Response
2024-09-10T10:52:47.060+09:00  INFO 15256 --- [BisToTagoInterface] [nioEventLoopGroup-3-2] com.geon.bis.link.TagoService            : 모드 : value SubscriptionMode ::= event-driven : continuous : {
  datexRegistered-UpdateDelay-qty 0
}

2024-09-10T10:52:52.061+09:00  INFO 15256 --- [BisToTagoInterface] [nioEventLoopGroup-3-2] com.geon.bis.link.TagoService            : [버스도착예정] 이벤트 구독 ( 스케줄러 5초 )
2024-09-10T10:52:57.355+09:00  INFO 15256 --- [BisToTagoInterface] [nioEventLoopGroup-3-2] com.geon.bis.link.TagoService            : [버스도착예정] 이벤트 구독 ( 스케줄러 5초 )
2024-09-10T10:53:02.417+09:00  INFO 15256 --- [BisToTagoInterface] [nioEventLoopGroup-3-2] com.geon.bis.link.TagoService            : [버스도착예정] 이벤트 구독 ( 스케줄러 5초 )
2024-09-10T10:53:07.464+09:00  INFO 15256 --- [BisToTagoInterface] [nioEventLoopGroup-3-2] com.geon.bis.link.TagoService            : [버스도착예정] 이벤트 구독 ( 스케줄러 5초 )
2024-09-10T10:53:12.505+09:00  INFO 15256 --- [BisToTagoInterface] [nioEventLoopGroup-3-2] com.geon.bis.link.TagoService            : [버스도착예정] 이벤트 구독 ( 스케줄러 5초 )
2024-09-10T10:53:16.824+09:00 ERROR 15256 --- [BisToTagoInterface] [nioEventLoopGroup-3-2] c.g.b.link.netty.handler.InboundHandler  : exceptionCaught: SocketException: Connection reset
